{"/Users/jeremy/Documents/cse110/cse-110-team-6/source/pages/GeneralRecipePage/scripts/RecipeExpandBootstrap.js": {"path":"/Users/jeremy/Documents/cse110/cse-110-team-6/source/pages/GeneralRecipePage/scripts/RecipeExpandBootstrap.js","statementMap":{"0":{"start":{"line":3,"column":4},"end":{"line":3,"column":11}},"1":{"start":{"line":4,"column":4},"end":{"line":4,"column":39}},"2":{"start":{"line":7,"column":19},"end":{"line":7,"column":50}},"3":{"start":{"line":8,"column":20},"end":{"line":8,"column":53}},"4":{"start":{"line":12,"column":4},"end":{"line":13,"column":5}},"5":{"start":{"line":16,"column":6},"end":{"line":72,"column":5}},"6":{"start":{"line":75,"column":6},"end":{"line":75,"column":45}},"7":{"start":{"line":82,"column":6},"end":{"line":82,"column":22}},"8":{"start":{"line":86,"column":6},"end":{"line":142,"column":11}},"9":{"start":{"line":147,"column":26},"end":{"line":147,"column":36}},"10":{"start":{"line":148,"column":6},"end":{"line":148,"column":78}},"11":{"start":{"line":152,"column":26},"end":{"line":152,"column":36}},"12":{"start":{"line":153,"column":6},"end":{"line":153,"column":76}},"13":{"start":{"line":156,"column":24},"end":{"line":156,"column":43}},"14":{"start":{"line":157,"column":6},"end":{"line":157,"column":75}},"15":{"start":{"line":160,"column":20},"end":{"line":160,"column":95}},"16":{"start":{"line":161,"column":22},"end":{"line":161,"column":32}},"17":{"start":{"line":162,"column":26},"end":{"line":162,"column":40}},"18":{"start":{"line":163,"column":28},"end":{"line":163,"column":73}},"19":{"start":{"line":164,"column":6},"end":{"line":177,"column":7}},"20":{"start":{"line":165,"column":8},"end":{"line":176,"column":9}},"21":{"start":{"line":166,"column":23},"end":{"line":166,"column":52}},"22":{"start":{"line":167,"column":10},"end":{"line":167,"column":45}},"23":{"start":{"line":168,"column":23},"end":{"line":168,"column":55}},"24":{"start":{"line":169,"column":10},"end":{"line":169,"column":75}},"25":{"start":{"line":170,"column":10},"end":{"line":170,"column":31}},"26":{"start":{"line":171,"column":10},"end":{"line":171,"column":32}},"27":{"start":{"line":172,"column":10},"end":{"line":172,"column":41}},"28":{"start":{"line":178,"column":6},"end":{"line":189,"column":7}},"29":{"start":{"line":179,"column":21},"end":{"line":179,"column":50}},"30":{"start":{"line":180,"column":8},"end":{"line":180,"column":43}},"31":{"start":{"line":181,"column":21},"end":{"line":181,"column":53}},"32":{"start":{"line":182,"column":8},"end":{"line":182,"column":73}},"33":{"start":{"line":183,"column":8},"end":{"line":183,"column":29}},"34":{"start":{"line":184,"column":8},"end":{"line":184,"column":30}},"35":{"start":{"line":185,"column":8},"end":{"line":185,"column":39}},"36":{"start":{"line":194,"column":6},"end":{"line":202,"column":7}},"37":{"start":{"line":195,"column":28},"end":{"line":195,"column":40}},"38":{"start":{"line":196,"column":32},"end":{"line":196,"column":54}},"39":{"start":{"line":197,"column":33},"end":{"line":197,"column":35}},"40":{"start":{"line":198,"column":8},"end":{"line":200,"column":9}},"41":{"start":{"line":198,"column":21},"end":{"line":198,"column":22}},"42":{"start":{"line":199,"column":10},"end":{"line":199,"column":70}},"43":{"start":{"line":201,"column":8},"end":{"line":201,"column":80}},"44":{"start":{"line":211,"column":6},"end":{"line":238,"column":8}},"45":{"start":{"line":219,"column":8},"end":{"line":219,"column":30}},"46":{"start":{"line":221,"column":8},"end":{"line":221,"column":25}},"47":{"start":{"line":222,"column":8},"end":{"line":222,"column":31}},"48":{"start":{"line":229,"column":32},"end":{"line":229,"column":84}},"49":{"start":{"line":230,"column":8},"end":{"line":234,"column":9}},"50":{"start":{"line":231,"column":25},"end":{"line":231,"column":53}},"51":{"start":{"line":232,"column":10},"end":{"line":232,"column":48}},"52":{"start":{"line":233,"column":10},"end":{"line":233,"column":45}},"53":{"start":{"line":236,"column":8},"end":{"line":236,"column":55}},"54":{"start":{"line":237,"column":8},"end":{"line":237,"column":103}},"55":{"start":{"line":241,"column":6},"end":{"line":250,"column":7}},"56":{"start":{"line":242,"column":32},"end":{"line":242,"column":84}},"57":{"start":{"line":243,"column":8},"end":{"line":247,"column":9}},"58":{"start":{"line":244,"column":25},"end":{"line":244,"column":53}},"59":{"start":{"line":245,"column":10},"end":{"line":245,"column":48}},"60":{"start":{"line":246,"column":10},"end":{"line":246,"column":45}},"61":{"start":{"line":249,"column":8},"end":{"line":249,"column":70}},"62":{"start":{"line":254,"column":6},"end":{"line":272,"column":7}},"63":{"start":{"line":255,"column":29},"end":{"line":255,"column":38}},"64":{"start":{"line":256,"column":28},"end":{"line":256,"column":62}},"65":{"start":{"line":257,"column":8},"end":{"line":262,"column":9}},"66":{"start":{"line":257,"column":21},"end":{"line":257,"column":22}},"67":{"start":{"line":258,"column":31},"end":{"line":258,"column":55}},"68":{"start":{"line":259,"column":10},"end":{"line":261,"column":11}},"69":{"start":{"line":259,"column":23},"end":{"line":259,"column":24}},"70":{"start":{"line":260,"column":12},"end":{"line":260,"column":50}},"71":{"start":{"line":265,"column":27},"end":{"line":265,"column":61}},"72":{"start":{"line":266,"column":31},"end":{"line":266,"column":82}},"73":{"start":{"line":267,"column":8},"end":{"line":271,"column":9}},"74":{"start":{"line":267,"column":21},"end":{"line":267,"column":22}},"75":{"start":{"line":268,"column":22},"end":{"line":268,"column":50}},"76":{"start":{"line":269,"column":10},"end":{"line":269,"column":44}},"77":{"start":{"line":270,"column":10},"end":{"line":270,"column":41}},"78":{"start":{"line":285,"column":29},"end":{"line":285,"column":79}},"79":{"start":{"line":286,"column":6},"end":{"line":290,"column":7}},"80":{"start":{"line":287,"column":8},"end":{"line":287,"column":58}},"81":{"start":{"line":289,"column":8},"end":{"line":289,"column":53}},"82":{"start":{"line":294,"column":6},"end":{"line":294,"column":22}},"83":{"start":{"line":298,"column":0},"end":{"line":298,"column":62}}},"fnMap":{"0":{"name":"(anonymous_0)","decl":{"start":{"line":2,"column":2},"end":{"line":2,"column":3}},"loc":{"start":{"line":2,"column":17},"end":{"line":76,"column":5}},"line":2},"1":{"name":"(anonymous_1)","decl":{"start":{"line":81,"column":4},"end":{"line":81,"column":5}},"loc":{"start":{"line":81,"column":20},"end":{"line":291,"column":5}},"line":81},"2":{"name":"(anonymous_2)","decl":{"start":{"line":218,"column":12},"end":{"line":218,"column":13}},"loc":{"start":{"line":218,"column":26},"end":{"line":220,"column":7}},"line":218},"3":{"name":"(anonymous_3)","decl":{"start":{"line":220,"column":14},"end":{"line":220,"column":15}},"loc":{"start":{"line":220,"column":24},"end":{"line":235,"column":7}},"line":220},"4":{"name":"(anonymous_4)","decl":{"start":{"line":235,"column":15},"end":{"line":235,"column":16}},"loc":{"start":{"line":235,"column":26},"end":{"line":238,"column":7}},"line":235},"5":{"name":"(anonymous_5)","decl":{"start":{"line":293,"column":4},"end":{"line":293,"column":5}},"loc":{"start":{"line":293,"column":16},"end":{"line":295,"column":5}},"line":293}},"branchMap":{"0":{"loc":{"start":{"line":165,"column":8},"end":{"line":176,"column":9}},"type":"if","locations":[{"start":{"line":165,"column":8},"end":{"line":176,"column":9}},{"start":{},"end":{}}],"line":165},"1":{"loc":{"start":{"line":194,"column":6},"end":{"line":202,"column":7}},"type":"if","locations":[{"start":{"line":194,"column":6},"end":{"line":202,"column":7}},{"start":{},"end":{}}],"line":194},"2":{"loc":{"start":{"line":241,"column":6},"end":{"line":250,"column":7}},"type":"if","locations":[{"start":{"line":241,"column":6},"end":{"line":250,"column":7}},{"start":{"line":248,"column":13},"end":{"line":250,"column":7}}],"line":241},"3":{"loc":{"start":{"line":254,"column":6},"end":{"line":272,"column":7}},"type":"if","locations":[{"start":{"line":254,"column":6},"end":{"line":272,"column":7}},{"start":{},"end":{}}],"line":254},"4":{"loc":{"start":{"line":286,"column":6},"end":{"line":290,"column":7}},"type":"if","locations":[{"start":{"line":286,"column":6},"end":{"line":290,"column":7}},{"start":{"line":288,"column":13},"end":{"line":290,"column":7}}],"line":286}},"s":{"0":1,"1":1,"2":1,"3":1,"4":1,"5":1,"6":1,"7":1,"8":1,"9":1,"10":1,"11":1,"12":1,"13":1,"14":1,"15":1,"16":1,"17":1,"18":1,"19":1,"20":4,"21":2,"22":2,"23":2,"24":2,"25":2,"26":2,"27":2,"28":1,"29":4,"30":4,"31":4,"32":4,"33":4,"34":4,"35":4,"36":1,"37":1,"38":1,"39":1,"40":1,"41":1,"42":4,"43":1,"44":1,"45":1,"46":1,"47":1,"48":1,"49":1,"50":20,"51":20,"52":20,"53":0,"54":0,"55":1,"56":0,"57":0,"58":0,"59":0,"60":0,"61":1,"62":1,"63":1,"64":1,"65":1,"66":1,"67":6,"68":6,"69":6,"70":3,"71":1,"72":1,"73":1,"74":1,"75":6,"76":6,"77":6,"78":1,"79":1,"80":0,"81":1,"82":0,"83":1},"f":{"0":1,"1":1,"2":1,"3":1,"4":0,"5":0},"b":{"0":[2,2],"1":[1,0],"2":[0,1],"3":[1,0],"4":[0,1]},"_coverageSchema":"1a1c01bbd47fc00a2c39e90264f33305004495a9","hash":"248a322f3a4f38f1bec5167911970de1a82f5e1d"}
,"/Users/jeremy/Documents/cse110/cse-110-team-6/source/pages/GeneralRecipePage/scripts/recipePageScriptBootstrap.js": {"path":"/Users/jeremy/Documents/cse110/cse-110-team-6/source/pages/GeneralRecipePage/scripts/recipePageScriptBootstrap.js","statementMap":{"0":{"start":{"line":1,"column":0},"end":{"line":1,"column":49}},"1":{"start":{"line":3,"column":23},"end":{"line":3,"column":44}},"2":{"start":{"line":4,"column":21},"end":{"line":4,"column":40}},"3":{"start":{"line":10,"column":21},"end":{"line":10,"column":87}},"4":{"start":{"line":11,"column":25},"end":{"line":11,"column":37}},"5":{"start":{"line":12,"column":15},"end":{"line":12,"column":20}},"6":{"start":{"line":13,"column":2},"end":{"line":15,"column":3}},"7":{"start":{"line":14,"column":4},"end":{"line":14,"column":17}},"8":{"start":{"line":16,"column":2},"end":{"line":32,"column":3}},"9":{"start":{"line":18,"column":4},"end":{"line":22,"column":5}},"10":{"start":{"line":19,"column":6},"end":{"line":19,"column":69}},"11":{"start":{"line":21,"column":6},"end":{"line":21,"column":49}},"12":{"start":{"line":23,"column":4},"end":{"line":23,"column":54}},"13":{"start":{"line":26,"column":4},"end":{"line":30,"column":5}},"14":{"start":{"line":27,"column":6},"end":{"line":27,"column":44}},"15":{"start":{"line":29,"column":6},"end":{"line":29,"column":40}},"16":{"start":{"line":31,"column":4},"end":{"line":31,"column":49}},"17":{"start":{"line":58,"column":2},"end":{"line":58,"column":52}},"18":{"start":{"line":59,"column":2},"end":{"line":59,"column":23}},"19":{"start":{"line":60,"column":2},"end":{"line":60,"column":50}},"20":{"start":{"line":65,"column":2},"end":{"line":65,"column":23}},"21":{"start":{"line":68,"column":18},"end":{"line":68,"column":48}},"22":{"start":{"line":70,"column":2},"end":{"line":74,"column":3}},"23":{"start":{"line":71,"column":4},"end":{"line":71,"column":58}},"24":{"start":{"line":73,"column":4},"end":{"line":73,"column":60}},"25":{"start":{"line":76,"column":23},"end":{"line":76,"column":72}},"26":{"start":{"line":77,"column":2},"end":{"line":77,"column":32}},"27":{"start":{"line":78,"column":2},"end":{"line":78,"column":63}},"28":{"start":{"line":85,"column":2},"end":{"line":85,"column":95}},"29":{"start":{"line":88,"column":2},"end":{"line":88,"column":106}},"30":{"start":{"line":92,"column":0},"end":{"line":92,"column":57}}},"fnMap":{"0":{"name":"bindFavoriteButton","decl":{"start":{"line":9,"column":9},"end":{"line":9,"column":27}},"loc":{"start":{"line":9,"column":36},"end":{"line":33,"column":1}},"line":9},"1":{"name":"backToSearch","decl":{"start":{"line":57,"column":9},"end":{"line":57,"column":21}},"loc":{"start":{"line":57,"column":25},"end":{"line":61,"column":1}},"line":57},"2":{"name":"init","decl":{"start":{"line":63,"column":9},"end":{"line":63,"column":13}},"loc":{"start":{"line":63,"column":17},"end":{"line":90,"column":1}},"line":63}},"branchMap":{"0":{"loc":{"start":{"line":13,"column":2},"end":{"line":15,"column":3}},"type":"if","locations":[{"start":{"line":13,"column":2},"end":{"line":15,"column":3}},{"start":{},"end":{}}],"line":13},"1":{"loc":{"start":{"line":16,"column":2},"end":{"line":32,"column":3}},"type":"if","locations":[{"start":{"line":16,"column":2},"end":{"line":32,"column":3}},{"start":{"line":24,"column":9},"end":{"line":32,"column":3}}],"line":16},"2":{"loc":{"start":{"line":70,"column":2},"end":{"line":74,"column":3}},"type":"if","locations":[{"start":{"line":70,"column":2},"end":{"line":74,"column":3}},{"start":{"line":72,"column":9},"end":{"line":74,"column":3}}],"line":70}},"s":{"0":1,"1":1,"2":1,"3":1,"4":1,"5":1,"6":1,"7":0,"8":1,"9":1,"10":1,"11":0,"12":1,"13":0,"14":0,"15":0,"16":0,"17":1,"18":1,"19":1,"20":0,"21":0,"22":0,"23":0,"24":0,"25":0,"26":0,"27":0,"28":0,"29":0,"30":1},"f":{"0":1,"1":1,"2":0},"b":{"0":[0,1],"1":[1,0],"2":[0,0]},"_coverageSchema":"1a1c01bbd47fc00a2c39e90264f33305004495a9","hash":"9ba857a3213666e3d56f2e54f27200c228f4ed9e"}
}
