TN:
SF:scripts/RecipeExpandBootstrap.js
FN:2,(anonymous_0)
FN:81,(anonymous_1)
FN:218,(anonymous_2)
FN:220,(anonymous_3)
FN:235,(anonymous_4)
FN:293,(anonymous_5)
FNF:6
FNH:4
FNDA:1,(anonymous_0)
FNDA:1,(anonymous_1)
FNDA:1,(anonymous_2)
FNDA:1,(anonymous_3)
FNDA:0,(anonymous_4)
FNDA:0,(anonymous_5)
DA:3,1
DA:4,1
DA:7,1
DA:8,1
DA:12,1
DA:16,1
DA:75,1
DA:82,1
DA:86,1
DA:147,1
DA:148,1
DA:152,1
DA:153,1
DA:156,1
DA:157,1
DA:160,1
DA:161,1
DA:162,1
DA:163,1
DA:164,1
DA:165,4
DA:166,2
DA:167,2
DA:168,2
DA:169,2
DA:170,2
DA:171,2
DA:172,2
DA:178,1
DA:179,4
DA:180,4
DA:181,4
DA:182,4
DA:183,4
DA:184,4
DA:185,4
DA:194,1
DA:195,1
DA:196,1
DA:197,1
DA:198,1
DA:199,4
DA:201,1
DA:211,1
DA:219,1
DA:221,1
DA:222,1
DA:229,1
DA:230,1
DA:231,20
DA:232,20
DA:233,20
DA:236,0
DA:237,0
DA:241,1
DA:242,0
DA:243,0
DA:244,0
DA:245,0
DA:246,0
DA:249,1
DA:254,1
DA:255,1
DA:256,1
DA:257,1
DA:258,6
DA:259,6
DA:260,3
DA:265,1
DA:266,1
DA:267,1
DA:268,6
DA:269,6
DA:270,6
DA:285,1
DA:286,1
DA:287,0
DA:289,1
DA:294,0
DA:298,1
LF:80
LH:71
BRDA:165,0,0,2
BRDA:165,0,1,2
BRDA:194,1,0,1
BRDA:194,1,1,0
BRDA:241,2,0,0
BRDA:241,2,1,1
BRDA:254,3,0,1
BRDA:254,3,1,0
BRDA:286,4,0,0
BRDA:286,4,1,1
BRF:10
BRH:6
end_of_record
TN:
SF:scripts/recipePageScriptBootstrap.js
FN:9,bindFavoriteButton
FN:57,backToSearch
FN:63,init
FNF:3
FNH:2
FNDA:1,bindFavoriteButton
FNDA:1,backToSearch
FNDA:0,init
DA:1,1
DA:3,1
DA:4,1
DA:10,1
DA:11,1
DA:12,1
DA:13,1
DA:14,0
DA:16,1
DA:18,1
DA:19,1
DA:21,0
DA:23,1
DA:26,0
DA:27,0
DA:29,0
DA:31,0
DA:58,1
DA:59,1
DA:60,1
DA:65,0
DA:68,0
DA:70,0
DA:71,0
DA:73,0
DA:76,0
DA:77,0
DA:78,0
DA:85,0
DA:88,0
DA:92,1
LF:31
LH:15
BRDA:13,0,0,0
BRDA:13,0,1,1
BRDA:16,1,0,1
BRDA:16,1,1,0
BRDA:70,2,0,0
BRDA:70,2,1,0
BRF:6
BRH:2
end_of_record
