{"/Users/jeremy/Documents/cse110/cse-110-team-6/source/pages/MyRecipesPage/myRecipePage.js": {"path":"/Users/jeremy/Documents/cse110/cse-110-team-6/source/pages/MyRecipesPage/myRecipePage.js","statementMap":{"0":{"start":{"line":1,"column":0},"end":{"line":1,"column":49}},"1":{"start":{"line":4,"column":15},"end":{"line":4,"column":20}},"2":{"start":{"line":5,"column":21},"end":{"line":5,"column":40}},"3":{"start":{"line":6,"column":23},"end":{"line":6,"column":44}},"4":{"start":{"line":13,"column":2},"end":{"line":18,"column":3}},"5":{"start":{"line":15,"column":4},"end":{"line":15,"column":31}},"6":{"start":{"line":17,"column":4},"end":{"line":17,"column":38}},"7":{"start":{"line":26,"column":2},"end":{"line":48,"column":4}},"8":{"start":{"line":27,"column":25},"end":{"line":27,"column":27}},"9":{"start":{"line":28,"column":26},"end":{"line":28,"column":28}},"10":{"start":{"line":30,"column":4},"end":{"line":30,"column":62}},"11":{"start":{"line":31,"column":4},"end":{"line":37,"column":5}},"12":{"start":{"line":32,"column":17},"end":{"line":32,"column":29}},"13":{"start":{"line":33,"column":23},"end":{"line":33,"column":55}},"14":{"start":{"line":34,"column":6},"end":{"line":36,"column":7}},"15":{"start":{"line":35,"column":8},"end":{"line":35,"column":31}},"16":{"start":{"line":38,"column":4},"end":{"line":40,"column":5}},"17":{"start":{"line":39,"column":6},"end":{"line":39,"column":31}},"18":{"start":{"line":42,"column":4},"end":{"line":42,"column":22}},"19":{"start":{"line":43,"column":4},"end":{"line":43,"column":18}},"20":{"start":{"line":44,"column":4},"end":{"line":44,"column":20}},"21":{"start":{"line":45,"column":4},"end":{"line":45,"column":21}},"22":{"start":{"line":46,"column":4},"end":{"line":46,"column":66}},"23":{"start":{"line":47,"column":4},"end":{"line":47,"column":66}},"24":{"start":{"line":74,"column":22},"end":{"line":74,"column":24}},"25":{"start":{"line":75,"column":2},"end":{"line":78,"column":3}},"26":{"start":{"line":75,"column":15},"end":{"line":75,"column":16}},"27":{"start":{"line":76,"column":19},"end":{"line":76,"column":60}},"28":{"start":{"line":77,"column":4},"end":{"line":77,"column":40}},"29":{"start":{"line":79,"column":2},"end":{"line":79,"column":32}},"30":{"start":{"line":80,"column":2},"end":{"line":80,"column":19}},"31":{"start":{"line":85,"column":25},"end":{"line":85,"column":77}},"32":{"start":{"line":86,"column":2},"end":{"line":94,"column":3}},"33":{"start":{"line":86,"column":15},"end":{"line":86,"column":16}},"34":{"start":{"line":87,"column":4},"end":{"line":93,"column":5}},"35":{"start":{"line":88,"column":6},"end":{"line":88,"column":69}},"36":{"start":{"line":89,"column":6},"end":{"line":89,"column":67}},"37":{"start":{"line":91,"column":6},"end":{"line":91,"column":70}},"38":{"start":{"line":92,"column":6},"end":{"line":92,"column":66}},"39":{"start":{"line":98,"column":17},"end":{"line":98,"column":29}},"40":{"start":{"line":99,"column":2},"end":{"line":103,"column":3}},"41":{"start":{"line":100,"column":4},"end":{"line":100,"column":76}},"42":{"start":{"line":102,"column":4},"end":{"line":102,"column":73}},"43":{"start":{"line":107,"column":17},"end":{"line":107,"column":29}},"44":{"start":{"line":108,"column":2},"end":{"line":108,"column":48}},"45":{"start":{"line":110,"column":2},"end":{"line":114,"column":3}},"46":{"start":{"line":111,"column":4},"end":{"line":111,"column":85}},"47":{"start":{"line":113,"column":4},"end":{"line":113,"column":78}},"48":{"start":{"line":121,"column":25},"end":{"line":121,"column":77}},"49":{"start":{"line":123,"column":2},"end":{"line":132,"column":3}},"50":{"start":{"line":124,"column":4},"end":{"line":126,"column":5}},"51":{"start":{"line":124,"column":17},"end":{"line":124,"column":18}},"52":{"start":{"line":125,"column":6},"end":{"line":125,"column":86}},"53":{"start":{"line":129,"column":4},"end":{"line":131,"column":5}},"54":{"start":{"line":129,"column":17},"end":{"line":129,"column":18}},"55":{"start":{"line":130,"column":6},"end":{"line":130,"column":89}},"56":{"start":{"line":141,"column":27},"end":{"line":141,"column":71}},"57":{"start":{"line":142,"column":2},"end":{"line":144,"column":3}},"58":{"start":{"line":143,"column":4},"end":{"line":143,"column":61}},"59":{"start":{"line":145,"column":2},"end":{"line":163,"column":3}},"60":{"start":{"line":145,"column":15},"end":{"line":145,"column":16}},"61":{"start":{"line":147,"column":23},"end":{"line":147,"column":60}},"62":{"start":{"line":148,"column":4},"end":{"line":148,"column":35}},"63":{"start":{"line":149,"column":4},"end":{"line":149,"column":36}},"64":{"start":{"line":151,"column":4},"end":{"line":151,"column":36}},"65":{"start":{"line":153,"column":4},"end":{"line":153,"column":40}},"66":{"start":{"line":155,"column":4},"end":{"line":155,"column":72}},"67":{"start":{"line":157,"column":4},"end":{"line":157,"column":56}},"68":{"start":{"line":158,"column":4},"end":{"line":158,"column":57}},"69":{"start":{"line":160,"column":4},"end":{"line":160,"column":88}},"70":{"start":{"line":161,"column":4},"end":{"line":161,"column":97}},"71":{"start":{"line":162,"column":4},"end":{"line":162,"column":30}},"72":{"start":{"line":178,"column":19},"end":{"line":178,"column":115}},"73":{"start":{"line":186,"column":2},"end":{"line":186,"column":41}},"74":{"start":{"line":187,"column":2},"end":{"line":214,"column":6}},"75":{"start":{"line":190,"column":6},"end":{"line":190,"column":115}},"76":{"start":{"line":191,"column":6},"end":{"line":191,"column":31}},"77":{"start":{"line":192,"column":6},"end":{"line":192,"column":27}},"78":{"start":{"line":193,"column":6},"end":{"line":193,"column":28}},"79":{"start":{"line":197,"column":6},"end":{"line":197,"column":47}},"80":{"start":{"line":198,"column":6},"end":{"line":198,"column":32}},"81":{"start":{"line":200,"column":6},"end":{"line":208,"column":7}},"82":{"start":{"line":202,"column":8},"end":{"line":202,"column":39}},"83":{"start":{"line":204,"column":8},"end":{"line":204,"column":71}},"84":{"start":{"line":205,"column":8},"end":{"line":205,"column":26}},"85":{"start":{"line":211,"column":6},"end":{"line":211,"column":24}},"86":{"start":{"line":224,"column":13},"end":{"line":224,"column":14}},"87":{"start":{"line":226,"column":2},"end":{"line":226,"column":38}},"88":{"start":{"line":226,"column":27},"end":{"line":226,"column":38}},"89":{"start":{"line":227,"column":2},"end":{"line":231,"column":3}},"90":{"start":{"line":227,"column":15},"end":{"line":227,"column":16}},"91":{"start":{"line":228,"column":15},"end":{"line":228,"column":35}},"92":{"start":{"line":229,"column":4},"end":{"line":229,"column":36}},"93":{"start":{"line":230,"column":4},"end":{"line":230,"column":22}},"94":{"start":{"line":232,"column":2},"end":{"line":232,"column":13}},"95":{"start":{"line":236,"column":12},"end":{"line":236,"column":56}},"96":{"start":{"line":237,"column":2},"end":{"line":237,"column":18}},"97":{"start":{"line":238,"column":2},"end":{"line":238,"column":19}},"98":{"start":{"line":239,"column":2},"end":{"line":239,"column":51}},"99":{"start":{"line":249,"column":2},"end":{"line":249,"column":20}},"100":{"start":{"line":251,"column":2},"end":{"line":259,"column":4}},"101":{"start":{"line":252,"column":4},"end":{"line":252,"column":69}},"102":{"start":{"line":253,"column":4},"end":{"line":253,"column":69}},"103":{"start":{"line":255,"column":4},"end":{"line":255,"column":17}},"104":{"start":{"line":257,"column":4},"end":{"line":257,"column":19}},"105":{"start":{"line":258,"column":4},"end":{"line":258,"column":21}},"106":{"start":{"line":262,"column":2},"end":{"line":270,"column":4}},"107":{"start":{"line":263,"column":4},"end":{"line":263,"column":66}},"108":{"start":{"line":264,"column":4},"end":{"line":264,"column":66}},"109":{"start":{"line":266,"column":4},"end":{"line":266,"column":18}},"110":{"start":{"line":268,"column":4},"end":{"line":268,"column":20}},"111":{"start":{"line":269,"column":4},"end":{"line":269,"column":21}},"112":{"start":{"line":274,"column":2},"end":{"line":274,"column":102}},"113":{"start":{"line":274,"column":77},"end":{"line":274,"column":99}},"114":{"start":{"line":276,"column":2},"end":{"line":276,"column":20}},"115":{"start":{"line":279,"column":0},"end":{"line":280,"column":75}}},"fnMap":{"0":{"name":"DeleteFromFavID","decl":{"start":{"line":12,"column":9},"end":{"line":12,"column":24}},"loc":{"start":{"line":12,"column":30},"end":{"line":19,"column":1}},"line":12},"1":{"name":"bindRemoveButton","decl":{"start":{"line":25,"column":9},"end":{"line":25,"column":25}},"loc":{"start":{"line":25,"column":29},"end":{"line":49,"column":1}},"line":25},"2":{"name":"(anonymous_2)","decl":{"start":{"line":26,"column":69},"end":{"line":26,"column":70}},"loc":{"start":{"line":26,"column":75},"end":{"line":48,"column":3}},"line":26},"3":{"name":"populateMyRecipe","decl":{"start":{"line":72,"column":9},"end":{"line":72,"column":25}},"loc":{"start":{"line":72,"column":29},"end":{"line":81,"column":1}},"line":72},"4":{"name":"bindRecipeCards","decl":{"start":{"line":83,"column":9},"end":{"line":83,"column":24}},"loc":{"start":{"line":83,"column":28},"end":{"line":95,"column":1}},"line":83},"5":{"name":"bindRecipeSelect","decl":{"start":{"line":97,"column":9},"end":{"line":97,"column":25}},"loc":{"start":{"line":97,"column":34},"end":{"line":104,"column":1}},"line":97},"6":{"name":"bindRecipeClick","decl":{"start":{"line":106,"column":9},"end":{"line":106,"column":24}},"loc":{"start":{"line":106,"column":33},"end":{"line":115,"column":1}},"line":106},"7":{"name":"greyOut","decl":{"start":{"line":119,"column":9},"end":{"line":119,"column":16}},"loc":{"start":{"line":119,"column":22},"end":{"line":133,"column":1}},"line":119},"8":{"name":"createRecipeCards","decl":{"start":{"line":139,"column":9},"end":{"line":139,"column":26}},"loc":{"start":{"line":139,"column":40},"end":{"line":164,"column":1}},"line":139},"9":{"name":"addRecipeURL","decl":{"start":{"line":166,"column":9},"end":{"line":166,"column":21}},"loc":{"start":{"line":166,"column":28},"end":{"line":215,"column":1}},"line":166},"10":{"name":"(anonymous_10)","decl":{"start":{"line":188,"column":10},"end":{"line":188,"column":11}},"loc":{"start":{"line":188,"column":24},"end":{"line":194,"column":5}},"line":188},"11":{"name":"(anonymous_11)","decl":{"start":{"line":194,"column":12},"end":{"line":194,"column":13}},"loc":{"start":{"line":194,"column":28},"end":{"line":209,"column":5}},"line":194},"12":{"name":"(anonymous_12)","decl":{"start":{"line":210,"column":11},"end":{"line":210,"column":12}},"loc":{"start":{"line":210,"column":20},"end":{"line":214,"column":5}},"line":210},"13":{"name":"hashing","decl":{"start":{"line":222,"column":9},"end":{"line":222,"column":16}},"loc":{"start":{"line":222,"column":26},"end":{"line":233,"column":1}},"line":222},"14":{"name":"addPageSubmitOnClick","decl":{"start":{"line":235,"column":9},"end":{"line":235,"column":29}},"loc":{"start":{"line":235,"column":33},"end":{"line":240,"column":1}},"line":235},"15":{"name":"init","decl":{"start":{"line":248,"column":15},"end":{"line":248,"column":19}},"loc":{"start":{"line":248,"column":23},"end":{"line":277,"column":1}},"line":248},"16":{"name":"(anonymous_16)","decl":{"start":{"line":251,"column":69},"end":{"line":251,"column":70}},"loc":{"start":{"line":251,"column":75},"end":{"line":259,"column":3}},"line":251},"17":{"name":"(anonymous_17)","decl":{"start":{"line":262,"column":69},"end":{"line":262,"column":70}},"loc":{"start":{"line":262,"column":75},"end":{"line":270,"column":3}},"line":262},"18":{"name":"(anonymous_18)","decl":{"start":{"line":274,"column":69},"end":{"line":274,"column":70}},"loc":{"start":{"line":274,"column":75},"end":{"line":274,"column":101}},"line":274}},"branchMap":{"0":{"loc":{"start":{"line":34,"column":6},"end":{"line":36,"column":7}},"type":"if","locations":[{"start":{"line":34,"column":6},"end":{"line":36,"column":7}},{"start":{},"end":{}}],"line":34},"1":{"loc":{"start":{"line":87,"column":4},"end":{"line":93,"column":5}},"type":"if","locations":[{"start":{"line":87,"column":4},"end":{"line":93,"column":5}},{"start":{"line":90,"column":11},"end":{"line":93,"column":5}}],"line":87},"2":{"loc":{"start":{"line":99,"column":2},"end":{"line":103,"column":3}},"type":"if","locations":[{"start":{"line":99,"column":2},"end":{"line":103,"column":3}},{"start":{"line":101,"column":9},"end":{"line":103,"column":3}}],"line":99},"3":{"loc":{"start":{"line":110,"column":2},"end":{"line":114,"column":3}},"type":"if","locations":[{"start":{"line":110,"column":2},"end":{"line":114,"column":3}},{"start":{"line":112,"column":9},"end":{"line":114,"column":3}}],"line":110},"4":{"loc":{"start":{"line":123,"column":2},"end":{"line":132,"column":3}},"type":"if","locations":[{"start":{"line":123,"column":2},"end":{"line":132,"column":3}},{"start":{"line":127,"column":9},"end":{"line":132,"column":3}}],"line":123},"5":{"loc":{"start":{"line":200,"column":6},"end":{"line":208,"column":7}},"type":"if","locations":[{"start":{"line":200,"column":6},"end":{"line":208,"column":7}},{"start":{"line":203,"column":13},"end":{"line":208,"column":7}}],"line":200},"6":{"loc":{"start":{"line":226,"column":2},"end":{"line":226,"column":38}},"type":"if","locations":[{"start":{"line":226,"column":2},"end":{"line":226,"column":38}},{"start":{},"end":{}}],"line":226}},"s":{"0":1,"1":1,"2":1,"3":1,"4":20,"5":20,"6":0,"7":1,"8":1,"9":1,"10":1,"11":1,"12":0,"13":0,"14":0,"15":0,"16":1,"17":0,"18":1,"19":1,"20":1,"21":1,"22":1,"23":1,"24":5,"25":5,"26":5,"27":3,"28":3,"29":5,"30":3,"31":6,"32":6,"33":6,"34":3,"35":0,"36":0,"37":3,"38":3,"39":0,"40":0,"41":0,"42":0,"43":1,"44":1,"45":1,"46":0,"47":1,"48":3,"49":3,"50":1,"51":1,"52":0,"53":2,"54":2,"55":0,"56":8,"57":8,"58":5,"59":8,"60":8,"61":7,"62":7,"63":7,"64":5,"65":5,"66":5,"67":5,"68":5,"69":5,"70":5,"71":5,"72":5,"73":5,"74":5,"75":5,"76":5,"77":5,"78":5,"79":5,"80":5,"81":5,"82":3,"83":2,"84":2,"85":2,"86":8,"87":8,"88":1,"89":7,"90":7,"91":127,"92":127,"93":127,"94":7,"95":1,"96":1,"97":1,"98":1,"99":0,"100":0,"101":0,"102":0,"103":0,"104":0,"105":0,"106":0,"107":0,"108":0,"109":0,"110":0,"111":0,"112":0,"113":0,"114":0,"115":1},"f":{"0":20,"1":1,"2":1,"3":5,"4":6,"5":0,"6":1,"7":3,"8":8,"9":5,"10":5,"11":5,"12":2,"13":8,"14":1,"15":0,"16":0,"17":0,"18":0},"b":{"0":[0,0],"1":[0,3],"2":[0,0],"3":[0,1],"4":[1,2],"5":[3,2],"6":[1,7]},"_coverageSchema":"1a1c01bbd47fc00a2c39e90264f33305004495a9","hash":"a5107cd3ecf14f4a8f128a3052aa298b61341a94"}
}
