TN:
SF:myRecipePage.js
FN:12,DeleteFromFavID
FN:25,bindRemoveButton
FN:26,(anonymous_2)
FN:72,populateMyRecipe
FN:83,bindRecipeCards
FN:97,bindRecipeSelect
FN:106,bindRecipeClick
FN:119,greyOut
FN:139,createRecipeCards
FN:166,addRecipeURL
FN:188,(anonymous_10)
FN:194,(anonymous_11)
FN:210,(anonymous_12)
FN:222,hashing
FN:235,addPageSubmitOnClick
FN:248,init
FN:251,(anonymous_16)
FN:262,(anonymous_17)
FN:274,(anonymous_18)
FNF:19
FNH:14
FNDA:20,DeleteFromFavID
FNDA:1,bindRemoveButton
FNDA:1,(anonymous_2)
FNDA:5,populateMyRecipe
FNDA:6,bindRecipeCards
FNDA:0,bindRecipeSelect
FNDA:1,bindRecipeClick
FNDA:3,greyOut
FNDA:8,createRecipeCards
FNDA:5,addRecipeURL
FNDA:5,(anonymous_10)
FNDA:5,(anonymous_11)
FNDA:2,(anonymous_12)
FNDA:8,hashing
FNDA:1,addPageSubmitOnClick
FNDA:0,init
FNDA:0,(anonymous_16)
FNDA:0,(anonymous_17)
FNDA:0,(anonymous_18)
DA:1,1
DA:4,1
DA:5,1
DA:6,1
DA:13,20
DA:15,20
DA:17,0
DA:26,1
DA:27,1
DA:28,1
DA:30,1
DA:31,1
DA:32,0
DA:33,0
DA:34,0
DA:35,0
DA:38,1
DA:39,0
DA:42,1
DA:43,1
DA:44,1
DA:45,1
DA:46,1
DA:47,1
DA:74,5
DA:75,5
DA:76,3
DA:77,3
DA:79,5
DA:80,3
DA:85,6
DA:86,6
DA:87,3
DA:88,0
DA:89,0
DA:91,3
DA:92,3
DA:98,0
DA:99,0
DA:100,0
DA:102,0
DA:107,1
DA:108,1
DA:110,1
DA:111,0
DA:113,1
DA:121,3
DA:123,3
DA:124,1
DA:125,0
DA:129,2
DA:130,0
DA:141,8
DA:142,8
DA:143,5
DA:145,8
DA:147,7
DA:148,7
DA:149,7
DA:151,5
DA:153,5
DA:155,5
DA:157,5
DA:158,5
DA:160,5
DA:161,5
DA:162,5
DA:178,5
DA:186,5
DA:187,5
DA:190,5
DA:191,5
DA:192,5
DA:193,5
DA:197,5
DA:198,5
DA:200,5
DA:202,3
DA:204,2
DA:205,2
DA:211,2
DA:224,8
DA:226,8
DA:227,7
DA:228,127
DA:229,127
DA:230,127
DA:232,7
DA:236,1
DA:237,1
DA:238,1
DA:239,1
DA:249,0
DA:251,0
DA:252,0
DA:253,0
DA:255,0
DA:257,0
DA:258,0
DA:262,0
DA:263,0
DA:264,0
DA:266,0
DA:268,0
DA:269,0
DA:274,0
DA:276,0
DA:279,1
LF:108
LH:78
BRDA:34,0,0,0
BRDA:34,0,1,0
BRDA:87,1,0,0
BRDA:87,1,1,3
BRDA:99,2,0,0
BRDA:99,2,1,0
BRDA:110,3,0,0
BRDA:110,3,1,1
BRDA:123,4,0,1
BRDA:123,4,1,2
BRDA:200,5,0,3
BRDA:200,5,1,2
BRDA:226,6,0,1
BRDA:226,6,1,7
BRF:14
BRH:8
end_of_record
