{"E:\\basicCodeWorkplace\\cs110\\D_team_repo\\cse-110-team-6\\source\\pages\\FridgePage\\scripts\\FridgePage.js": {"path":"E:\\basicCodeWorkplace\\cs110\\D_team_repo\\cse-110-team-6\\source\\pages\\FridgePage\\scripts\\FridgePage.js","statementMap":{"0":{"start":{"line":1,"column":0},"end":{"line":1,"column":49}},"1":{"start":{"line":2,"column":28},"end":{"line":2,"column":30}},"2":{"start":{"line":3,"column":29},"end":{"line":3,"column":31}},"3":{"start":{"line":4,"column":28},"end":{"line":4,"column":37}},"4":{"start":{"line":5,"column":23},"end":{"line":5,"column":44}},"5":{"start":{"line":9,"column":25},"end":{"line":9,"column":75}},"6":{"start":{"line":10,"column":2},"end":{"line":12,"column":4}},"7":{"start":{"line":11,"column":4},"end":{"line":11,"column":55}},"8":{"start":{"line":13,"column":2},"end":{"line":17,"column":4}},"9":{"start":{"line":16,"column":4},"end":{"line":16,"column":17}},"10":{"start":{"line":18,"column":2},"end":{"line":20,"column":4}},"11":{"start":{"line":19,"column":4},"end":{"line":19,"column":18}},"12":{"start":{"line":24,"column":2},"end":{"line":36,"column":38}},"13":{"start":{"line":33,"column":6},"end":{"line":34,"column":34}},"14":{"start":{"line":33,"column":23},"end":{"line":33,"column":56}},"15":{"start":{"line":34,"column":11},"end":{"line":34,"column":34}},"16":{"start":{"line":36,"column":18},"end":{"line":36,"column":37}},"17":{"start":{"line":44,"column":2},"end":{"line":44,"column":39}},"18":{"start":{"line":45,"column":18},"end":{"line":45,"column":46}},"19":{"start":{"line":45,"column":37},"end":{"line":45,"column":45}},"20":{"start":{"line":46,"column":22},"end":{"line":46,"column":80}},"21":{"start":{"line":46,"column":57},"end":{"line":46,"column":79}},"22":{"start":{"line":47,"column":19},"end":{"line":47,"column":82}},"23":{"start":{"line":47,"column":41},"end":{"line":47,"column":81}},"24":{"start":{"line":48,"column":26},"end":{"line":48,"column":67}},"25":{"start":{"line":49,"column":2},"end":{"line":53,"column":3}},"26":{"start":{"line":50,"column":26},"end":{"line":50,"column":59}},"27":{"start":{"line":51,"column":4},"end":{"line":51,"column":72}},"28":{"start":{"line":52,"column":4},"end":{"line":52,"column":49}},"29":{"start":{"line":54,"column":2},"end":{"line":81,"column":3}},"30":{"start":{"line":55,"column":4},"end":{"line":55,"column":39}},"31":{"start":{"line":56,"column":24},"end":{"line":56,"column":66}},"32":{"start":{"line":57,"column":20},"end":{"line":57,"column":55}},"33":{"start":{"line":58,"column":20},"end":{"line":58,"column":50}},"34":{"start":{"line":59,"column":4},"end":{"line":72,"column":6}},"35":{"start":{"line":60,"column":26},"end":{"line":60,"column":43}},"36":{"start":{"line":61,"column":6},"end":{"line":71,"column":7}},"37":{"start":{"line":62,"column":8},"end":{"line":62,"column":40}},"38":{"start":{"line":63,"column":8},"end":{"line":63,"column":40}},"39":{"start":{"line":64,"column":8},"end":{"line":64,"column":32}},"40":{"start":{"line":65,"column":8},"end":{"line":65,"column":104}},"41":{"start":{"line":65,"column":48},"end":{"line":65,"column":102}},"42":{"start":{"line":67,"column":8},"end":{"line":67,"column":37}},"43":{"start":{"line":68,"column":8},"end":{"line":68,"column":37}},"44":{"start":{"line":69,"column":8},"end":{"line":69,"column":24}},"45":{"start":{"line":70,"column":8},"end":{"line":70,"column":120}},"46":{"start":{"line":70,"column":63},"end":{"line":70,"column":118}},"47":{"start":{"line":73,"column":4},"end":{"line":73,"column":64}},"48":{"start":{"line":74,"column":4},"end":{"line":74,"column":114}},"49":{"start":{"line":75,"column":4},"end":{"line":75,"column":81}},"50":{"start":{"line":76,"column":4},"end":{"line":79,"column":5}},"51":{"start":{"line":77,"column":6},"end":{"line":77,"column":41}},"52":{"start":{"line":78,"column":6},"end":{"line":78,"column":41}},"53":{"start":{"line":80,"column":4},"end":{"line":80,"column":40}},"54":{"start":{"line":89,"column":2},"end":{"line":118,"column":3}},"55":{"start":{"line":92,"column":4},"end":{"line":92,"column":42}},"56":{"start":{"line":93,"column":29},"end":{"line":93,"column":72}},"57":{"start":{"line":94,"column":25},"end":{"line":94,"column":67}},"58":{"start":{"line":95,"column":21},"end":{"line":95,"column":57}},"59":{"start":{"line":96,"column":20},"end":{"line":96,"column":51}},"60":{"start":{"line":97,"column":4},"end":{"line":114,"column":6}},"61":{"start":{"line":98,"column":26},"end":{"line":98,"column":43}},"62":{"start":{"line":99,"column":6},"end":{"line":113,"column":7}},"63":{"start":{"line":100,"column":8},"end":{"line":100,"column":39}},"64":{"start":{"line":101,"column":8},"end":{"line":101,"column":40}},"65":{"start":{"line":102,"column":8},"end":{"line":102,"column":48}},"66":{"start":{"line":103,"column":8},"end":{"line":106,"column":9}},"67":{"start":{"line":104,"column":10},"end":{"line":104,"column":64}},"68":{"start":{"line":105,"column":10},"end":{"line":105,"column":107}},"69":{"start":{"line":105,"column":50},"end":{"line":105,"column":105}},"70":{"start":{"line":108,"column":8},"end":{"line":108,"column":36}},"71":{"start":{"line":109,"column":8},"end":{"line":109,"column":37}},"72":{"start":{"line":110,"column":8},"end":{"line":110,"column":45}},"73":{"start":{"line":111,"column":8},"end":{"line":111,"column":62}},"74":{"start":{"line":112,"column":8},"end":{"line":112,"column":63}},"75":{"start":{"line":115,"column":4},"end":{"line":115,"column":69}},"76":{"start":{"line":116,"column":4},"end":{"line":116,"column":119}},"77":{"start":{"line":117,"column":4},"end":{"line":117,"column":42}},"78":{"start":{"line":126,"column":24},"end":{"line":126,"column":60}},"79":{"start":{"line":127,"column":2},"end":{"line":140,"column":3}},"80":{"start":{"line":130,"column":4},"end":{"line":130,"column":48}},"81":{"start":{"line":131,"column":28},"end":{"line":131,"column":71}},"82":{"start":{"line":132,"column":4},"end":{"line":132,"column":39}},"83":{"start":{"line":133,"column":4},"end":{"line":133,"column":72}},"84":{"start":{"line":134,"column":4},"end":{"line":139,"column":5}},"85":{"start":{"line":135,"column":6},"end":{"line":135,"column":60}},"86":{"start":{"line":136,"column":6},"end":{"line":138,"column":7}},"87":{"start":{"line":137,"column":8},"end":{"line":137,"column":63}},"88":{"start":{"line":147,"column":24},"end":{"line":147,"column":55}},"89":{"start":{"line":148,"column":29},"end":{"line":148,"column":70}},"90":{"start":{"line":149,"column":2},"end":{"line":155,"column":3}},"91":{"start":{"line":151,"column":4},"end":{"line":154,"column":5}},"92":{"start":{"line":152,"column":6},"end":{"line":152,"column":42}},"93":{"start":{"line":153,"column":6},"end":{"line":153,"column":42}},"94":{"start":{"line":156,"column":2},"end":{"line":159,"column":3}},"95":{"start":{"line":158,"column":4},"end":{"line":158,"column":23}},"96":{"start":{"line":160,"column":2},"end":{"line":160,"column":29}},"97":{"start":{"line":167,"column":2},"end":{"line":167,"column":24}},"98":{"start":{"line":168,"column":20},"end":{"line":168,"column":22}},"99":{"start":{"line":169,"column":2},"end":{"line":174,"column":3}},"100":{"start":{"line":169,"column":15},"end":{"line":169,"column":16}},"101":{"start":{"line":170,"column":4},"end":{"line":170,"column":41}},"102":{"start":{"line":171,"column":4},"end":{"line":173,"column":5}},"103":{"start":{"line":172,"column":6},"end":{"line":172,"column":25}},"104":{"start":{"line":175,"column":2},"end":{"line":214,"column":4}},"105":{"start":{"line":183,"column":4},"end":{"line":183,"column":26}},"106":{"start":{"line":186,"column":19},"end":{"line":186,"column":21}},"107":{"start":{"line":187,"column":4},"end":{"line":190,"column":5}},"108":{"start":{"line":189,"column":6},"end":{"line":189,"column":119}},"109":{"start":{"line":191,"column":27},"end":{"line":199,"column":5}},"110":{"start":{"line":192,"column":6},"end":{"line":198,"column":44}},"111":{"start":{"line":198,"column":28},"end":{"line":198,"column":43}},"112":{"start":{"line":202,"column":4},"end":{"line":213,"column":6}},"113":{"start":{"line":203,"column":6},"end":{"line":205,"column":7}},"114":{"start":{"line":204,"column":8},"end":{"line":204,"column":67}},"115":{"start":{"line":207,"column":6},"end":{"line":207,"column":17}},"116":{"start":{"line":208,"column":6},"end":{"line":212,"column":7}},"117":{"start":{"line":209,"column":8},"end":{"line":209,"column":72}},"118":{"start":{"line":211,"column":8},"end":{"line":211,"column":79}},"119":{"start":{"line":222,"column":16},"end":{"line":222,"column":36}},"120":{"start":{"line":223,"column":2},"end":{"line":227,"column":3}},"121":{"start":{"line":223,"column":15},"end":{"line":223,"column":16}},"122":{"start":{"line":224,"column":4},"end":{"line":226,"column":5}},"123":{"start":{"line":225,"column":6},"end":{"line":225,"column":11}},"124":{"start":{"line":230,"column":0},"end":{"line":230,"column":95}}},"fnMap":{"0":{"name":"init","decl":{"start":{"line":7,"column":15},"end":{"line":7,"column":19}},"loc":{"start":{"line":7,"column":23},"end":{"line":21,"column":1}},"line":7},"1":{"name":"(anonymous_1)","decl":{"start":{"line":10,"column":43},"end":{"line":10,"column":44}},"loc":{"start":{"line":10,"column":49},"end":{"line":12,"column":3}},"line":10},"2":{"name":"(anonymous_2)","decl":{"start":{"line":13,"column":69},"end":{"line":13,"column":70}},"loc":{"start":{"line":13,"column":75},"end":{"line":17,"column":3}},"line":13},"3":{"name":"(anonymous_3)","decl":{"start":{"line":18,"column":69},"end":{"line":18,"column":70}},"loc":{"start":{"line":18,"column":75},"end":{"line":20,"column":3}},"line":18},"4":{"name":"autocompleteIgd","decl":{"start":{"line":23,"column":9},"end":{"line":23,"column":24}},"loc":{"start":{"line":23,"column":38},"end":{"line":37,"column":1}},"line":23},"5":{"name":"(anonymous_5)","decl":{"start":{"line":31,"column":10},"end":{"line":31,"column":11}},"loc":{"start":{"line":31,"column":23},"end":{"line":35,"column":5}},"line":31},"6":{"name":"(anonymous_6)","decl":{"start":{"line":36,"column":10},"end":{"line":36,"column":11}},"loc":{"start":{"line":36,"column":18},"end":{"line":36,"column":37}},"line":36},"7":{"name":"createIgdCard","decl":{"start":{"line":43,"column":9},"end":{"line":43,"column":22}},"loc":{"start":{"line":43,"column":33},"end":{"line":82,"column":1}},"line":43},"8":{"name":"(anonymous_8)","decl":{"start":{"line":45,"column":30},"end":{"line":45,"column":31}},"loc":{"start":{"line":45,"column":37},"end":{"line":45,"column":45}},"line":45},"9":{"name":"(anonymous_9)","decl":{"start":{"line":46,"column":50},"end":{"line":46,"column":51}},"loc":{"start":{"line":46,"column":57},"end":{"line":46,"column":79}},"line":46},"10":{"name":"(anonymous_10)","decl":{"start":{"line":47,"column":34},"end":{"line":47,"column":35}},"loc":{"start":{"line":47,"column":41},"end":{"line":47,"column":81}},"line":47},"11":{"name":"(anonymous_11)","decl":{"start":{"line":59,"column":38},"end":{"line":59,"column":39}},"loc":{"start":{"line":59,"column":44},"end":{"line":72,"column":5}},"line":59},"12":{"name":"addSelected","decl":{"start":{"line":88,"column":9},"end":{"line":88,"column":20}},"loc":{"start":{"line":88,"column":31},"end":{"line":119,"column":1}},"line":88},"13":{"name":"(anonymous_13)","decl":{"start":{"line":97,"column":38},"end":{"line":97,"column":39}},"loc":{"start":{"line":97,"column":44},"end":{"line":114,"column":5}},"line":97},"14":{"name":"deleteSelected","decl":{"start":{"line":125,"column":9},"end":{"line":125,"column":23}},"loc":{"start":{"line":125,"column":34},"end":{"line":141,"column":1}},"line":125},"15":{"name":"removeFilter","decl":{"start":{"line":146,"column":9},"end":{"line":146,"column":21}},"loc":{"start":{"line":146,"column":25},"end":{"line":161,"column":1}},"line":146},"16":{"name":"findRecipes","decl":{"start":{"line":166,"column":9},"end":{"line":166,"column":20}},"loc":{"start":{"line":166,"column":24},"end":{"line":215,"column":1}},"line":166},"17":{"name":"(anonymous_17)","decl":{"start":{"line":182,"column":10},"end":{"line":182,"column":11}},"loc":{"start":{"line":182,"column":24},"end":{"line":184,"column":3}},"line":182},"18":{"name":"(anonymous_18)","decl":{"start":{"line":184,"column":10},"end":{"line":184,"column":11}},"loc":{"start":{"line":184,"column":20},"end":{"line":214,"column":3}},"line":184},"19":{"name":"(anonymous_19)","decl":{"start":{"line":191,"column":38},"end":{"line":191,"column":39}},"loc":{"start":{"line":192,"column":6},"end":{"line":198,"column":44}},"line":192},"20":{"name":"(anonymous_20)","decl":{"start":{"line":198,"column":14},"end":{"line":198,"column":15}},"loc":{"start":{"line":198,"column":28},"end":{"line":198,"column":43}},"line":198},"21":{"name":"(anonymous_21)","decl":{"start":{"line":202,"column":37},"end":{"line":202,"column":38}},"loc":{"start":{"line":202,"column":47},"end":{"line":206,"column":5}},"line":202},"22":{"name":"(anonymous_22)","decl":{"start":{"line":206,"column":12},"end":{"line":206,"column":13}},"loc":{"start":{"line":206,"column":18},"end":{"line":213,"column":5}},"line":206},"23":{"name":"sleep","decl":{"start":{"line":221,"column":9},"end":{"line":221,"column":14}},"loc":{"start":{"line":221,"column":30},"end":{"line":228,"column":1}},"line":221}},"branchMap":{"0":{"loc":{"start":{"line":33,"column":6},"end":{"line":34,"column":34}},"type":"if","locations":[{"start":{"line":33,"column":6},"end":{"line":34,"column":34}},{"start":{"line":34,"column":11},"end":{"line":34,"column":34}}],"line":33},"1":{"loc":{"start":{"line":61,"column":6},"end":{"line":71,"column":7}},"type":"if","locations":[{"start":{"line":61,"column":6},"end":{"line":71,"column":7}},{"start":{"line":66,"column":13},"end":{"line":71,"column":7}}],"line":61},"2":{"loc":{"start":{"line":65,"column":8},"end":{"line":65,"column":104}},"type":"if","locations":[{"start":{"line":65,"column":8},"end":{"line":65,"column":104}},{"start":{},"end":{}}],"line":65},"3":{"loc":{"start":{"line":70,"column":8},"end":{"line":70,"column":120}},"type":"if","locations":[{"start":{"line":70,"column":8},"end":{"line":70,"column":120}},{"start":{},"end":{}}],"line":70},"4":{"loc":{"start":{"line":76,"column":4},"end":{"line":79,"column":5}},"type":"if","locations":[{"start":{"line":76,"column":4},"end":{"line":79,"column":5}},{"start":{},"end":{}}],"line":76},"5":{"loc":{"start":{"line":89,"column":2},"end":{"line":118,"column":3}},"type":"if","locations":[{"start":{"line":89,"column":2},"end":{"line":118,"column":3}},{"start":{"line":91,"column":9},"end":{"line":118,"column":3}}],"line":89},"6":{"loc":{"start":{"line":99,"column":6},"end":{"line":113,"column":7}},"type":"if","locations":[{"start":{"line":99,"column":6},"end":{"line":113,"column":7}},{"start":{"line":107,"column":13},"end":{"line":113,"column":7}}],"line":99},"7":{"loc":{"start":{"line":103,"column":8},"end":{"line":106,"column":9}},"type":"if","locations":[{"start":{"line":103,"column":8},"end":{"line":106,"column":9}},{"start":{},"end":{}}],"line":103},"8":{"loc":{"start":{"line":105,"column":10},"end":{"line":105,"column":107}},"type":"if","locations":[{"start":{"line":105,"column":10},"end":{"line":105,"column":107}},{"start":{},"end":{}}],"line":105},"9":{"loc":{"start":{"line":127,"column":2},"end":{"line":140,"column":3}},"type":"if","locations":[{"start":{"line":127,"column":2},"end":{"line":140,"column":3}},{"start":{"line":129,"column":9},"end":{"line":140,"column":3}}],"line":127},"10":{"loc":{"start":{"line":134,"column":4},"end":{"line":139,"column":5}},"type":"if","locations":[{"start":{"line":134,"column":4},"end":{"line":139,"column":5}},{"start":{},"end":{}}],"line":134},"11":{"loc":{"start":{"line":136,"column":6},"end":{"line":138,"column":7}},"type":"if","locations":[{"start":{"line":136,"column":6},"end":{"line":138,"column":7}},{"start":{},"end":{}}],"line":136},"12":{"loc":{"start":{"line":151,"column":4},"end":{"line":154,"column":5}},"type":"if","locations":[{"start":{"line":151,"column":4},"end":{"line":154,"column":5}},{"start":{},"end":{}}],"line":151},"13":{"loc":{"start":{"line":171,"column":4},"end":{"line":173,"column":5}},"type":"if","locations":[{"start":{"line":171,"column":4},"end":{"line":173,"column":5}},{"start":{},"end":{}}],"line":171},"14":{"loc":{"start":{"line":208,"column":6},"end":{"line":212,"column":7}},"type":"if","locations":[{"start":{"line":208,"column":6},"end":{"line":212,"column":7}},{"start":{"line":210,"column":13},"end":{"line":212,"column":7}}],"line":208},"15":{"loc":{"start":{"line":224,"column":4},"end":{"line":226,"column":5}},"type":"if","locations":[{"start":{"line":224,"column":4},"end":{"line":226,"column":5}},{"start":{},"end":{}}],"line":224}},"s":{"0":1,"1":1,"2":1,"3":1,"4":1,"5":0,"6":0,"7":0,"8":0,"9":0,"10":0,"11":0,"12":0,"13":0,"14":0,"15":0,"16":0,"17":2,"18":2,"19":12,"20":2,"21":6,"22":2,"23":12,"24":2,"25":2,"26":0,"27":0,"28":0,"29":2,"30":6,"31":6,"32":6,"33":6,"34":6,"35":0,"36":0,"37":0,"38":0,"39":0,"40":0,"41":0,"42":0,"43":0,"44":0,"45":0,"46":0,"47":6,"48":6,"49":6,"50":6,"51":0,"52":0,"53":6,"54":2,"55":2,"56":2,"57":2,"58":2,"59":2,"60":2,"61":0,"62":0,"63":0,"64":0,"65":0,"66":0,"67":0,"68":0,"69":0,"70":0,"71":0,"72":0,"73":0,"74":0,"75":2,"76":2,"77":2,"78":1,"79":1,"80":1,"81":1,"82":1,"83":1,"84":1,"85":1,"86":1,"87":0,"88":1,"89":1,"90":1,"91":7,"92":0,"93":0,"94":1,"95":0,"96":1,"97":1,"98":1,"99":1,"100":1,"101":1,"102":1,"103":0,"104":1,"105":1,"106":1,"107":1,"108":10,"109":1,"110":10,"111":10,"112":1,"113":1,"114":10,"115":1,"116":1,"117":0,"118":1,"119":1,"120":1,"121":1,"122":3722161,"123":1,"124":1},"f":{"0":0,"1":0,"2":0,"3":0,"4":0,"5":0,"6":0,"7":2,"8":12,"9":6,"10":12,"11":0,"12":2,"13":0,"14":1,"15":1,"16":1,"17":1,"18":1,"19":10,"20":10,"21":1,"22":1,"23":1},"b":{"0":[0,0],"1":[0,0],"2":[0,0],"3":[0,0],"4":[0,6],"5":[0,2],"6":[0,0],"7":[0,0],"8":[0,0],"9":[0,1],"10":[1,0],"11":[0,1],"12":[0,7],"13":[0,1],"14":[0,1],"15":[1,3722160]},"_coverageSchema":"1a1c01bbd47fc00a2c39e90264f33305004495a9","hash":"e729d0327315bb18c6ae27ff81b8480b73e933a4"}
}
