{"E:\\basicCodeWorkplace\\cs110\\D_team_repo\\cse-110-team-6\\source\\pages\\FridgePage\\scripts\\FridgePage.js": {"path":"E:\\basicCodeWorkplace\\cs110\\D_team_repo\\cse-110-team-6\\source\\pages\\FridgePage\\scripts\\FridgePage.js","statementMap":{"0":{"start":{"line":1,"column":0},"end":{"line":1,"column":49}},"1":{"start":{"line":2,"column":28},"end":{"line":2,"column":30}},"2":{"start":{"line":3,"column":29},"end":{"line":3,"column":31}},"3":{"start":{"line":4,"column":28},"end":{"line":4,"column":37}},"4":{"start":{"line":5,"column":23},"end":{"line":5,"column":44}},"5":{"start":{"line":9,"column":25},"end":{"line":9,"column":75}},"6":{"start":{"line":10,"column":2},"end":{"line":12,"column":4}},"7":{"start":{"line":11,"column":4},"end":{"line":11,"column":55}},"8":{"start":{"line":13,"column":2},"end":{"line":17,"column":4}},"9":{"start":{"line":16,"column":4},"end":{"line":16,"column":17}},"10":{"start":{"line":18,"column":2},"end":{"line":20,"column":4}},"11":{"start":{"line":19,"column":4},"end":{"line":19,"column":18}},"12":{"start":{"line":24,"column":2},"end":{"line":36,"column":38}},"13":{"start":{"line":33,"column":6},"end":{"line":34,"column":34}},"14":{"start":{"line":33,"column":23},"end":{"line":33,"column":56}},"15":{"start":{"line":34,"column":11},"end":{"line":34,"column":34}},"16":{"start":{"line":36,"column":18},"end":{"line":36,"column":37}},"17":{"start":{"line":44,"column":18},"end":{"line":44,"column":46}},"18":{"start":{"line":44,"column":37},"end":{"line":44,"column":45}},"19":{"start":{"line":45,"column":22},"end":{"line":45,"column":80}},"20":{"start":{"line":45,"column":57},"end":{"line":45,"column":79}},"21":{"start":{"line":46,"column":19},"end":{"line":46,"column":82}},"22":{"start":{"line":46,"column":41},"end":{"line":46,"column":81}},"23":{"start":{"line":47,"column":26},"end":{"line":47,"column":67}},"24":{"start":{"line":48,"column":2},"end":{"line":52,"column":3}},"25":{"start":{"line":49,"column":26},"end":{"line":49,"column":59}},"26":{"start":{"line":50,"column":4},"end":{"line":50,"column":72}},"27":{"start":{"line":51,"column":4},"end":{"line":51,"column":49}},"28":{"start":{"line":53,"column":2},"end":{"line":80,"column":3}},"29":{"start":{"line":54,"column":4},"end":{"line":54,"column":39}},"30":{"start":{"line":55,"column":24},"end":{"line":55,"column":66}},"31":{"start":{"line":56,"column":20},"end":{"line":56,"column":55}},"32":{"start":{"line":57,"column":20},"end":{"line":57,"column":50}},"33":{"start":{"line":58,"column":4},"end":{"line":71,"column":6}},"34":{"start":{"line":59,"column":26},"end":{"line":59,"column":43}},"35":{"start":{"line":60,"column":6},"end":{"line":70,"column":7}},"36":{"start":{"line":61,"column":8},"end":{"line":61,"column":40}},"37":{"start":{"line":62,"column":8},"end":{"line":62,"column":40}},"38":{"start":{"line":63,"column":8},"end":{"line":63,"column":32}},"39":{"start":{"line":64,"column":8},"end":{"line":64,"column":104}},"40":{"start":{"line":64,"column":48},"end":{"line":64,"column":102}},"41":{"start":{"line":66,"column":8},"end":{"line":66,"column":37}},"42":{"start":{"line":67,"column":8},"end":{"line":67,"column":37}},"43":{"start":{"line":68,"column":8},"end":{"line":68,"column":24}},"44":{"start":{"line":69,"column":8},"end":{"line":69,"column":120}},"45":{"start":{"line":69,"column":63},"end":{"line":69,"column":118}},"46":{"start":{"line":72,"column":4},"end":{"line":72,"column":64}},"47":{"start":{"line":73,"column":4},"end":{"line":73,"column":114}},"48":{"start":{"line":74,"column":4},"end":{"line":74,"column":81}},"49":{"start":{"line":75,"column":4},"end":{"line":78,"column":5}},"50":{"start":{"line":76,"column":6},"end":{"line":76,"column":41}},"51":{"start":{"line":77,"column":6},"end":{"line":77,"column":41}},"52":{"start":{"line":79,"column":4},"end":{"line":79,"column":40}},"53":{"start":{"line":88,"column":2},"end":{"line":117,"column":3}},"54":{"start":{"line":91,"column":4},"end":{"line":91,"column":42}},"55":{"start":{"line":92,"column":29},"end":{"line":92,"column":72}},"56":{"start":{"line":93,"column":25},"end":{"line":93,"column":67}},"57":{"start":{"line":94,"column":21},"end":{"line":94,"column":57}},"58":{"start":{"line":95,"column":20},"end":{"line":95,"column":51}},"59":{"start":{"line":96,"column":4},"end":{"line":113,"column":6}},"60":{"start":{"line":97,"column":26},"end":{"line":97,"column":43}},"61":{"start":{"line":98,"column":6},"end":{"line":112,"column":7}},"62":{"start":{"line":99,"column":8},"end":{"line":99,"column":39}},"63":{"start":{"line":100,"column":8},"end":{"line":100,"column":40}},"64":{"start":{"line":101,"column":8},"end":{"line":101,"column":48}},"65":{"start":{"line":102,"column":8},"end":{"line":105,"column":9}},"66":{"start":{"line":103,"column":10},"end":{"line":103,"column":64}},"67":{"start":{"line":104,"column":10},"end":{"line":104,"column":107}},"68":{"start":{"line":104,"column":50},"end":{"line":104,"column":105}},"69":{"start":{"line":107,"column":8},"end":{"line":107,"column":36}},"70":{"start":{"line":108,"column":8},"end":{"line":108,"column":37}},"71":{"start":{"line":109,"column":8},"end":{"line":109,"column":45}},"72":{"start":{"line":110,"column":8},"end":{"line":110,"column":62}},"73":{"start":{"line":111,"column":8},"end":{"line":111,"column":63}},"74":{"start":{"line":114,"column":4},"end":{"line":114,"column":69}},"75":{"start":{"line":115,"column":4},"end":{"line":115,"column":119}},"76":{"start":{"line":116,"column":4},"end":{"line":116,"column":42}},"77":{"start":{"line":125,"column":24},"end":{"line":125,"column":60}},"78":{"start":{"line":126,"column":2},"end":{"line":139,"column":3}},"79":{"start":{"line":129,"column":4},"end":{"line":129,"column":48}},"80":{"start":{"line":130,"column":28},"end":{"line":130,"column":71}},"81":{"start":{"line":131,"column":4},"end":{"line":131,"column":39}},"82":{"start":{"line":132,"column":4},"end":{"line":132,"column":72}},"83":{"start":{"line":133,"column":4},"end":{"line":138,"column":5}},"84":{"start":{"line":134,"column":6},"end":{"line":134,"column":60}},"85":{"start":{"line":135,"column":6},"end":{"line":137,"column":7}},"86":{"start":{"line":136,"column":8},"end":{"line":136,"column":63}},"87":{"start":{"line":146,"column":24},"end":{"line":146,"column":55}},"88":{"start":{"line":147,"column":29},"end":{"line":147,"column":70}},"89":{"start":{"line":148,"column":2},"end":{"line":154,"column":3}},"90":{"start":{"line":150,"column":4},"end":{"line":153,"column":5}},"91":{"start":{"line":151,"column":6},"end":{"line":151,"column":42}},"92":{"start":{"line":152,"column":6},"end":{"line":152,"column":42}},"93":{"start":{"line":155,"column":2},"end":{"line":158,"column":3}},"94":{"start":{"line":157,"column":4},"end":{"line":157,"column":23}},"95":{"start":{"line":159,"column":2},"end":{"line":159,"column":29}},"96":{"start":{"line":166,"column":2},"end":{"line":166,"column":24}},"97":{"start":{"line":167,"column":20},"end":{"line":167,"column":22}},"98":{"start":{"line":168,"column":2},"end":{"line":173,"column":3}},"99":{"start":{"line":168,"column":15},"end":{"line":168,"column":16}},"100":{"start":{"line":169,"column":4},"end":{"line":169,"column":41}},"101":{"start":{"line":170,"column":4},"end":{"line":172,"column":5}},"102":{"start":{"line":171,"column":6},"end":{"line":171,"column":25}},"103":{"start":{"line":174,"column":2},"end":{"line":212,"column":4}},"104":{"start":{"line":182,"column":4},"end":{"line":182,"column":26}},"105":{"start":{"line":184,"column":4},"end":{"line":184,"column":21}},"106":{"start":{"line":185,"column":19},"end":{"line":185,"column":21}},"107":{"start":{"line":186,"column":4},"end":{"line":189,"column":5}},"108":{"start":{"line":187,"column":6},"end":{"line":187,"column":29}},"109":{"start":{"line":188,"column":6},"end":{"line":188,"column":119}},"110":{"start":{"line":190,"column":27},"end":{"line":198,"column":5}},"111":{"start":{"line":191,"column":6},"end":{"line":197,"column":44}},"112":{"start":{"line":197,"column":28},"end":{"line":197,"column":43}},"113":{"start":{"line":200,"column":4},"end":{"line":211,"column":6}},"114":{"start":{"line":201,"column":6},"end":{"line":203,"column":7}},"115":{"start":{"line":202,"column":8},"end":{"line":202,"column":67}},"116":{"start":{"line":205,"column":6},"end":{"line":205,"column":17}},"117":{"start":{"line":206,"column":6},"end":{"line":210,"column":7}},"118":{"start":{"line":207,"column":8},"end":{"line":207,"column":72}},"119":{"start":{"line":209,"column":8},"end":{"line":209,"column":79}},"120":{"start":{"line":220,"column":16},"end":{"line":220,"column":36}},"121":{"start":{"line":221,"column":2},"end":{"line":225,"column":3}},"122":{"start":{"line":221,"column":15},"end":{"line":221,"column":16}},"123":{"start":{"line":222,"column":4},"end":{"line":224,"column":5}},"124":{"start":{"line":223,"column":6},"end":{"line":223,"column":11}},"125":{"start":{"line":228,"column":0},"end":{"line":228,"column":82}}},"fnMap":{"0":{"name":"init","decl":{"start":{"line":7,"column":15},"end":{"line":7,"column":19}},"loc":{"start":{"line":7,"column":23},"end":{"line":21,"column":1}},"line":7},"1":{"name":"(anonymous_1)","decl":{"start":{"line":10,"column":43},"end":{"line":10,"column":44}},"loc":{"start":{"line":10,"column":49},"end":{"line":12,"column":3}},"line":10},"2":{"name":"(anonymous_2)","decl":{"start":{"line":13,"column":69},"end":{"line":13,"column":70}},"loc":{"start":{"line":13,"column":75},"end":{"line":17,"column":3}},"line":13},"3":{"name":"(anonymous_3)","decl":{"start":{"line":18,"column":69},"end":{"line":18,"column":70}},"loc":{"start":{"line":18,"column":75},"end":{"line":20,"column":3}},"line":18},"4":{"name":"autocompleteIgd","decl":{"start":{"line":23,"column":9},"end":{"line":23,"column":24}},"loc":{"start":{"line":23,"column":38},"end":{"line":37,"column":1}},"line":23},"5":{"name":"(anonymous_5)","decl":{"start":{"line":31,"column":10},"end":{"line":31,"column":11}},"loc":{"start":{"line":31,"column":23},"end":{"line":35,"column":5}},"line":31},"6":{"name":"(anonymous_6)","decl":{"start":{"line":36,"column":10},"end":{"line":36,"column":11}},"loc":{"start":{"line":36,"column":18},"end":{"line":36,"column":37}},"line":36},"7":{"name":"createIgdCard","decl":{"start":{"line":43,"column":9},"end":{"line":43,"column":22}},"loc":{"start":{"line":43,"column":33},"end":{"line":81,"column":1}},"line":43},"8":{"name":"(anonymous_8)","decl":{"start":{"line":44,"column":30},"end":{"line":44,"column":31}},"loc":{"start":{"line":44,"column":37},"end":{"line":44,"column":45}},"line":44},"9":{"name":"(anonymous_9)","decl":{"start":{"line":45,"column":50},"end":{"line":45,"column":51}},"loc":{"start":{"line":45,"column":57},"end":{"line":45,"column":79}},"line":45},"10":{"name":"(anonymous_10)","decl":{"start":{"line":46,"column":34},"end":{"line":46,"column":35}},"loc":{"start":{"line":46,"column":41},"end":{"line":46,"column":81}},"line":46},"11":{"name":"(anonymous_11)","decl":{"start":{"line":58,"column":38},"end":{"line":58,"column":39}},"loc":{"start":{"line":58,"column":44},"end":{"line":71,"column":5}},"line":58},"12":{"name":"addSelected","decl":{"start":{"line":87,"column":9},"end":{"line":87,"column":20}},"loc":{"start":{"line":87,"column":31},"end":{"line":118,"column":1}},"line":87},"13":{"name":"(anonymous_13)","decl":{"start":{"line":96,"column":38},"end":{"line":96,"column":39}},"loc":{"start":{"line":96,"column":44},"end":{"line":113,"column":5}},"line":96},"14":{"name":"deleteSelected","decl":{"start":{"line":124,"column":9},"end":{"line":124,"column":23}},"loc":{"start":{"line":124,"column":34},"end":{"line":140,"column":1}},"line":124},"15":{"name":"removeFilter","decl":{"start":{"line":145,"column":9},"end":{"line":145,"column":21}},"loc":{"start":{"line":145,"column":25},"end":{"line":160,"column":1}},"line":145},"16":{"name":"findRecipes","decl":{"start":{"line":165,"column":9},"end":{"line":165,"column":20}},"loc":{"start":{"line":165,"column":24},"end":{"line":213,"column":1}},"line":165},"17":{"name":"(anonymous_17)","decl":{"start":{"line":181,"column":10},"end":{"line":181,"column":11}},"loc":{"start":{"line":181,"column":24},"end":{"line":183,"column":3}},"line":181},"18":{"name":"(anonymous_18)","decl":{"start":{"line":183,"column":10},"end":{"line":183,"column":11}},"loc":{"start":{"line":183,"column":20},"end":{"line":212,"column":3}},"line":183},"19":{"name":"(anonymous_19)","decl":{"start":{"line":190,"column":38},"end":{"line":190,"column":39}},"loc":{"start":{"line":191,"column":6},"end":{"line":197,"column":44}},"line":191},"20":{"name":"(anonymous_20)","decl":{"start":{"line":197,"column":14},"end":{"line":197,"column":15}},"loc":{"start":{"line":197,"column":28},"end":{"line":197,"column":43}},"line":197},"21":{"name":"(anonymous_21)","decl":{"start":{"line":200,"column":37},"end":{"line":200,"column":38}},"loc":{"start":{"line":200,"column":47},"end":{"line":204,"column":5}},"line":200},"22":{"name":"(anonymous_22)","decl":{"start":{"line":204,"column":12},"end":{"line":204,"column":13}},"loc":{"start":{"line":204,"column":18},"end":{"line":211,"column":5}},"line":204},"23":{"name":"sleep","decl":{"start":{"line":219,"column":9},"end":{"line":219,"column":14}},"loc":{"start":{"line":219,"column":30},"end":{"line":226,"column":1}},"line":219}},"branchMap":{"0":{"loc":{"start":{"line":33,"column":6},"end":{"line":34,"column":34}},"type":"if","locations":[{"start":{"line":33,"column":6},"end":{"line":34,"column":34}},{"start":{"line":34,"column":11},"end":{"line":34,"column":34}}],"line":33},"1":{"loc":{"start":{"line":60,"column":6},"end":{"line":70,"column":7}},"type":"if","locations":[{"start":{"line":60,"column":6},"end":{"line":70,"column":7}},{"start":{"line":65,"column":13},"end":{"line":70,"column":7}}],"line":60},"2":{"loc":{"start":{"line":64,"column":8},"end":{"line":64,"column":104}},"type":"if","locations":[{"start":{"line":64,"column":8},"end":{"line":64,"column":104}},{"start":{},"end":{}}],"line":64},"3":{"loc":{"start":{"line":69,"column":8},"end":{"line":69,"column":120}},"type":"if","locations":[{"start":{"line":69,"column":8},"end":{"line":69,"column":120}},{"start":{},"end":{}}],"line":69},"4":{"loc":{"start":{"line":75,"column":4},"end":{"line":78,"column":5}},"type":"if","locations":[{"start":{"line":75,"column":4},"end":{"line":78,"column":5}},{"start":{},"end":{}}],"line":75},"5":{"loc":{"start":{"line":88,"column":2},"end":{"line":117,"column":3}},"type":"if","locations":[{"start":{"line":88,"column":2},"end":{"line":117,"column":3}},{"start":{"line":90,"column":9},"end":{"line":117,"column":3}}],"line":88},"6":{"loc":{"start":{"line":98,"column":6},"end":{"line":112,"column":7}},"type":"if","locations":[{"start":{"line":98,"column":6},"end":{"line":112,"column":7}},{"start":{"line":106,"column":13},"end":{"line":112,"column":7}}],"line":98},"7":{"loc":{"start":{"line":102,"column":8},"end":{"line":105,"column":9}},"type":"if","locations":[{"start":{"line":102,"column":8},"end":{"line":105,"column":9}},{"start":{},"end":{}}],"line":102},"8":{"loc":{"start":{"line":104,"column":10},"end":{"line":104,"column":107}},"type":"if","locations":[{"start":{"line":104,"column":10},"end":{"line":104,"column":107}},{"start":{},"end":{}}],"line":104},"9":{"loc":{"start":{"line":126,"column":2},"end":{"line":139,"column":3}},"type":"if","locations":[{"start":{"line":126,"column":2},"end":{"line":139,"column":3}},{"start":{"line":128,"column":9},"end":{"line":139,"column":3}}],"line":126},"10":{"loc":{"start":{"line":133,"column":4},"end":{"line":138,"column":5}},"type":"if","locations":[{"start":{"line":133,"column":4},"end":{"line":138,"column":5}},{"start":{},"end":{}}],"line":133},"11":{"loc":{"start":{"line":135,"column":6},"end":{"line":137,"column":7}},"type":"if","locations":[{"start":{"line":135,"column":6},"end":{"line":137,"column":7}},{"start":{},"end":{}}],"line":135},"12":{"loc":{"start":{"line":150,"column":4},"end":{"line":153,"column":5}},"type":"if","locations":[{"start":{"line":150,"column":4},"end":{"line":153,"column":5}},{"start":{},"end":{}}],"line":150},"13":{"loc":{"start":{"line":170,"column":4},"end":{"line":172,"column":5}},"type":"if","locations":[{"start":{"line":170,"column":4},"end":{"line":172,"column":5}},{"start":{},"end":{}}],"line":170},"14":{"loc":{"start":{"line":206,"column":6},"end":{"line":210,"column":7}},"type":"if","locations":[{"start":{"line":206,"column":6},"end":{"line":210,"column":7}},{"start":{"line":208,"column":13},"end":{"line":210,"column":7}}],"line":206},"15":{"loc":{"start":{"line":222,"column":4},"end":{"line":224,"column":5}},"type":"if","locations":[{"start":{"line":222,"column":4},"end":{"line":224,"column":5}},{"start":{},"end":{}}],"line":222}},"s":{"0":1,"1":1,"2":1,"3":1,"4":1,"5":0,"6":0,"7":0,"8":0,"9":0,"10":0,"11":0,"12":0,"13":0,"14":0,"15":0,"16":0,"17":1,"18":6,"19":1,"20":0,"21":1,"22":6,"23":1,"24":1,"25":0,"26":0,"27":0,"28":1,"29":6,"30":6,"31":6,"32":6,"33":6,"34":0,"35":0,"36":0,"37":0,"38":0,"39":0,"40":0,"41":0,"42":0,"43":0,"44":0,"45":0,"46":6,"47":6,"48":6,"49":6,"50":0,"51":0,"52":6,"53":0,"54":0,"55":0,"56":0,"57":0,"58":0,"59":0,"60":0,"61":0,"62":0,"63":0,"64":0,"65":0,"66":0,"67":0,"68":0,"69":0,"70":0,"71":0,"72":0,"73":0,"74":0,"75":0,"76":0,"77":0,"78":0,"79":0,"80":0,"81":0,"82":0,"83":0,"84":0,"85":0,"86":0,"87":0,"88":0,"89":0,"90":0,"91":0,"92":0,"93":0,"94":0,"95":0,"96":1,"97":1,"98":1,"99":1,"100":0,"101":0,"102":0,"103":1,"104":1,"105":0,"106":0,"107":0,"108":0,"109":0,"110":0,"111":0,"112":0,"113":0,"114":0,"115":0,"116":0,"117":0,"118":0,"119":0,"120":1,"121":1,"122":1,"123":3377600,"124":1,"125":1},"f":{"0":0,"1":0,"2":0,"3":0,"4":0,"5":0,"6":0,"7":1,"8":6,"9":0,"10":6,"11":0,"12":0,"13":0,"14":0,"15":0,"16":1,"17":1,"18":0,"19":0,"20":0,"21":0,"22":0,"23":1},"b":{"0":[0,0],"1":[0,0],"2":[0,0],"3":[0,0],"4":[0,6],"5":[0,0],"6":[0,0],"7":[0,0],"8":[0,0],"9":[0,0],"10":[0,0],"11":[0,0],"12":[0,0],"13":[0,0],"14":[0,0],"15":[1,3377599]},"_coverageSchema":"1a1c01bbd47fc00a2c39e90264f33305004495a9","hash":"0570803404f59780c3c883783b35aaa8432d8c2d"}
}
