TN:
SF:source\pages\FridgePage\scripts\FridgePage.js
FN:7,init
FN:10,(anonymous_1)
FN:13,(anonymous_2)
FN:18,(anonymous_3)
FN:23,autocompleteIgd
FN:31,(anonymous_5)
FN:36,(anonymous_6)
FN:43,createIgdCard
FN:45,(anonymous_8)
FN:46,(anonymous_9)
FN:47,(anonymous_10)
FN:59,(anonymous_11)
FN:88,addSelected
FN:97,(anonymous_13)
FN:125,deleteSelected
FN:146,removeFilter
FN:166,findRecipes
FN:182,(anonymous_17)
FN:184,(anonymous_18)
FN:191,(anonymous_19)
FN:198,(anonymous_20)
FN:202,(anonymous_21)
FN:206,(anonymous_22)
FN:221,sleep
FNF:24
FNH:15
FNDA:0,init
FNDA:0,(anonymous_1)
FNDA:0,(anonymous_2)
FNDA:0,(anonymous_3)
FNDA:0,autocompleteIgd
FNDA:0,(anonymous_5)
FNDA:0,(anonymous_6)
FNDA:2,createIgdCard
FNDA:12,(anonymous_8)
FNDA:6,(anonymous_9)
FNDA:12,(anonymous_10)
FNDA:0,(anonymous_11)
FNDA:2,addSelected
FNDA:0,(anonymous_13)
FNDA:1,deleteSelected
FNDA:1,removeFilter
FNDA:1,findRecipes
FNDA:1,(anonymous_17)
FNDA:1,(anonymous_18)
FNDA:10,(anonymous_19)
FNDA:10,(anonymous_20)
FNDA:1,(anonymous_21)
FNDA:1,(anonymous_22)
FNDA:1,sleep
DA:1,1
DA:2,1
DA:3,1
DA:4,1
DA:5,1
DA:9,0
DA:10,0
DA:11,0
DA:13,0
DA:16,0
DA:18,0
DA:19,0
DA:24,0
DA:33,0
DA:34,0
DA:36,0
DA:44,2
DA:45,12
DA:46,6
DA:47,12
DA:48,2
DA:49,2
DA:50,0
DA:51,0
DA:52,0
DA:54,2
DA:55,6
DA:56,6
DA:57,6
DA:58,6
DA:59,6
DA:60,0
DA:61,0
DA:62,0
DA:63,0
DA:64,0
DA:65,0
DA:67,0
DA:68,0
DA:69,0
DA:70,0
DA:73,6
DA:74,6
DA:75,6
DA:76,6
DA:77,0
DA:78,0
DA:80,6
DA:89,2
DA:92,2
DA:93,2
DA:94,2
DA:95,2
DA:96,2
DA:97,2
DA:98,0
DA:99,0
DA:100,0
DA:101,0
DA:102,0
DA:103,0
DA:104,0
DA:105,0
DA:108,0
DA:109,0
DA:110,0
DA:111,0
DA:112,0
DA:115,2
DA:116,2
DA:117,2
DA:126,1
DA:127,1
DA:130,1
DA:131,1
DA:132,1
DA:133,1
DA:134,1
DA:135,1
DA:136,1
DA:137,0
DA:147,1
DA:148,1
DA:149,1
DA:151,7
DA:152,0
DA:153,0
DA:156,1
DA:158,0
DA:160,1
DA:167,1
DA:168,1
DA:169,1
DA:170,1
DA:171,1
DA:172,0
DA:175,1
DA:183,1
DA:186,1
DA:187,1
DA:189,10
DA:191,1
DA:192,10
DA:198,10
DA:202,1
DA:203,1
DA:204,10
DA:207,1
DA:208,1
DA:209,0
DA:211,1
DA:222,1
DA:223,1
DA:224,3722161
DA:225,1
DA:230,1
LF:116
LH:71
BRDA:33,0,0,0
BRDA:33,0,1,0
BRDA:61,1,0,0
BRDA:61,1,1,0
BRDA:65,2,0,0
BRDA:65,2,1,0
BRDA:70,3,0,0
BRDA:70,3,1,0
BRDA:76,4,0,0
BRDA:76,4,1,6
BRDA:89,5,0,0
BRDA:89,5,1,2
BRDA:99,6,0,0
BRDA:99,6,1,0
BRDA:103,7,0,0
BRDA:103,7,1,0
BRDA:105,8,0,0
BRDA:105,8,1,0
BRDA:127,9,0,0
BRDA:127,9,1,1
BRDA:134,10,0,1
BRDA:134,10,1,0
BRDA:136,11,0,0
BRDA:136,11,1,1
BRDA:151,12,0,0
BRDA:151,12,1,7
BRDA:171,13,0,0
BRDA:171,13,1,1
BRDA:208,14,0,0
BRDA:208,14,1,1
BRDA:224,15,0,1
BRDA:224,15,1,3722160
BRF:32
BRH:10
end_of_record
