TN:
SF:source\pages\FridgePage\scripts\FridgePage.js
FN:7,init
FN:10,(anonymous_1)
FN:13,(anonymous_2)
FN:18,(anonymous_3)
FN:23,autocompleteIgd
FN:31,(anonymous_5)
FN:36,(anonymous_6)
FN:43,createIgdCard
FN:46,(anonymous_8)
FN:47,(anonymous_9)
FN:48,(anonymous_10)
FN:65,(anonymous_11)
FN:94,addSelected
FN:103,(anonymous_13)
FN:131,deleteSelected
FN:152,removeFilter
FN:172,findRecipes
FN:188,(anonymous_17)
FN:190,(anonymous_18)
FN:197,(anonymous_19)
FN:204,(anonymous_20)
FN:208,(anonymous_21)
FN:212,(anonymous_22)
FN:227,sleep
FNF:24
FNH:15
FNDA:0,init
FNDA:0,(anonymous_1)
FNDA:0,(anonymous_2)
FNDA:0,(anonymous_3)
FNDA:0,autocompleteIgd
FNDA:0,(anonymous_5)
FNDA:0,(anonymous_6)
FNDA:2,createIgdCard
FNDA:16,(anonymous_8)
FNDA:6,(anonymous_9)
FNDA:16,(anonymous_10)
FNDA:0,(anonymous_11)
FNDA:2,addSelected
FNDA:0,(anonymous_13)
FNDA:1,deleteSelected
FNDA:1,removeFilter
FNDA:1,findRecipes
FNDA:1,(anonymous_17)
FNDA:1,(anonymous_18)
FNDA:10,(anonymous_19)
FNDA:10,(anonymous_20)
FNDA:1,(anonymous_21)
FNDA:1,(anonymous_22)
FNDA:1,sleep
DA:1,1
DA:2,1
DA:3,1
DA:4,1
DA:5,1
DA:9,0
DA:10,0
DA:11,0
DA:13,0
DA:16,0
DA:18,0
DA:19,0
DA:24,0
DA:33,0
DA:34,0
DA:36,0
DA:46,16
DA:47,6
DA:48,16
DA:49,2
DA:53,2
DA:54,1
DA:55,1
DA:56,1
DA:57,1
DA:58,0
DA:60,1
DA:61,6
DA:62,6
DA:63,6
DA:64,6
DA:65,6
DA:66,0
DA:67,0
DA:68,0
DA:69,0
DA:70,0
DA:71,0
DA:73,0
DA:74,0
DA:75,0
DA:76,0
DA:79,6
DA:80,6
DA:81,6
DA:82,6
DA:83,0
DA:84,0
DA:86,6
DA:95,2
DA:98,2
DA:99,2
DA:100,2
DA:101,2
DA:102,2
DA:103,2
DA:104,0
DA:105,0
DA:106,0
DA:107,0
DA:108,0
DA:109,0
DA:110,0
DA:111,0
DA:114,0
DA:115,0
DA:116,0
DA:117,0
DA:118,0
DA:121,2
DA:122,2
DA:123,2
DA:132,1
DA:133,1
DA:136,1
DA:137,1
DA:138,1
DA:139,1
DA:140,1
DA:141,1
DA:142,1
DA:143,0
DA:153,1
DA:154,1
DA:155,1
DA:157,7
DA:158,0
DA:159,0
DA:162,1
DA:164,0
DA:166,1
DA:173,1
DA:174,1
DA:175,1
DA:176,1
DA:177,1
DA:178,0
DA:181,1
DA:189,1
DA:192,1
DA:193,1
DA:195,10
DA:197,1
DA:198,10
DA:204,10
DA:208,1
DA:209,1
DA:210,10
DA:213,1
DA:228,1
DA:229,1
DA:230,3717519
DA:231,1
DA:236,1
LF:114
LH:72
BRDA:33,0,0,0
BRDA:33,0,1,0
BRDA:67,1,0,0
BRDA:67,1,1,0
BRDA:71,2,0,0
BRDA:71,2,1,0
BRDA:76,3,0,0
BRDA:76,3,1,0
BRDA:82,4,0,0
BRDA:82,4,1,6
BRDA:95,5,0,0
BRDA:95,5,1,2
BRDA:105,6,0,0
BRDA:105,6,1,0
BRDA:109,7,0,0
BRDA:109,7,1,0
BRDA:111,8,0,0
BRDA:111,8,1,0
BRDA:133,9,0,0
BRDA:133,9,1,1
BRDA:140,10,0,1
BRDA:140,10,1,0
BRDA:142,11,0,0
BRDA:142,11,1,1
BRDA:157,12,0,0
BRDA:157,12,1,7
BRDA:177,13,0,0
BRDA:177,13,1,1
BRDA:230,14,0,1
BRDA:230,14,1,3717518
BRF:30
BRH:9
end_of_record
